<?xml version="1.0" encoding="UTF-8"?>
<testsuite name="com.example.myshop.MyshopApplicationTests" tests="1" skipped="0" failures="0" errors="0" timestamp="2020-03-10T17:02:57" hostname="ni-57387-9p" time="0.202">
  <properties/>
  <testcase name="contextLoads()" classname="com.example.myshop.MyshopApplicationTests" time="0.202"/>
  <system-out><![CDATA[14:02:54.385 [Test worker] DEBUG org.springframework.test.context.BootstrapUtils - Instantiating CacheAwareContextLoaderDelegate from class [org.springframework.test.context.cache.DefaultCacheAwareContextLoaderDelegate]
14:02:54.396 [Test worker] DEBUG org.springframework.test.context.BootstrapUtils - Instantiating BootstrapContext using constructor [public org.springframework.test.context.support.DefaultBootstrapContext(java.lang.Class,org.springframework.test.context.CacheAwareContextLoaderDelegate)]
14:02:54.419 [Test worker] DEBUG org.springframework.test.context.BootstrapUtils - Instantiating TestContextBootstrapper for test class [com.example.myshop.MyshopApplicationTests] from class [org.springframework.boot.test.context.SpringBootTestContextBootstrapper]
14:02:54.437 [Test worker] INFO org.springframework.boot.test.context.SpringBootTestContextBootstrapper - Neither @ContextConfiguration nor @ContextHierarchy found for test class [com.example.myshop.MyshopApplicationTests], using SpringBootContextLoader
14:02:54.440 [Test worker] DEBUG org.springframework.test.context.support.AbstractContextLoader - Did not detect default resource location for test class [com.example.myshop.MyshopApplicationTests]: class path resource [com/example/myshop/MyshopApplicationTests-context.xml] does not exist
14:02:54.440 [Test worker] DEBUG org.springframework.test.context.support.AbstractContextLoader - Did not detect default resource location for test class [com.example.myshop.MyshopApplicationTests]: class path resource [com/example/myshop/MyshopApplicationTestsContext.groovy] does not exist
14:02:54.440 [Test worker] INFO org.springframework.test.context.support.AbstractContextLoader - Could not detect default resource locations for test class [com.example.myshop.MyshopApplicationTests]: no resource found for suffixes {-context.xml, Context.groovy}.
14:02:54.441 [Test worker] INFO org.springframework.test.context.support.AnnotationConfigContextLoaderUtils - Could not detect default configuration classes for test class [com.example.myshop.MyshopApplicationTests]: MyshopApplicationTests does not declare any static, non-private, non-final, nested classes annotated with @Configuration.
14:02:54.471 [Test worker] DEBUG org.springframework.test.context.support.ActiveProfilesUtils - Could not find an 'annotation declaring class' for annotation type [org.springframework.test.context.ActiveProfiles] and class [com.example.myshop.MyshopApplicationTests]
14:02:54.518 [Test worker] DEBUG org.springframework.context.annotation.ClassPathScanningCandidateComponentProvider - Identified candidate component class: file [/home/gucosta/Projects/myshop/build/classes/kotlin/main/com/example/myshop/MyshopApplication.class]
14:02:54.520 [Test worker] INFO org.springframework.boot.test.context.SpringBootTestContextBootstrapper - Found @SpringBootConfiguration com.example.myshop.MyshopApplication for test class com.example.myshop.MyshopApplicationTests
14:02:54.587 [Test worker] DEBUG org.springframework.boot.test.context.SpringBootTestContextBootstrapper - @TestExecutionListeners is not present for class [com.example.myshop.MyshopApplicationTests]: using defaults.
14:02:54.587 [Test worker] INFO org.springframework.boot.test.context.SpringBootTestContextBootstrapper - Loaded default TestExecutionListener class names from location [META-INF/spring.factories]: [org.springframework.boot.test.autoconfigure.restdocs.RestDocsTestExecutionListener, org.springframework.boot.test.autoconfigure.web.client.MockRestServiceServerResetTestExecutionListener, org.springframework.boot.test.autoconfigure.web.servlet.MockMvcPrintOnlyOnFailureTestExecutionListener, org.springframework.boot.test.autoconfigure.web.servlet.WebDriverTestExecutionListener, org.springframework.boot.test.mock.mockito.MockitoTestExecutionListener, org.springframework.boot.test.mock.mockito.ResetMocksTestExecutionListener, org.springframework.test.context.web.ServletTestExecutionListener, org.springframework.test.context.support.DirtiesContextBeforeModesTestExecutionListener, org.springframework.test.context.support.DependencyInjectionTestExecutionListener, org.springframework.test.context.support.DirtiesContextTestExecutionListener, org.springframework.test.context.transaction.TransactionalTestExecutionListener, org.springframework.test.context.jdbc.SqlScriptsTestExecutionListener, org.springframework.test.context.event.EventPublishingTestExecutionListener]
14:02:54.599 [Test worker] INFO org.springframework.boot.test.context.SpringBootTestContextBootstrapper - Using TestExecutionListeners: [org.springframework.test.context.web.ServletTestExecutionListener@791133d7, org.springframework.test.context.support.DirtiesContextBeforeModesTestExecutionListener@725c0adb, org.springframework.boot.test.mock.mockito.MockitoTestExecutionListener@761b148f, org.springframework.boot.test.autoconfigure.SpringBootDependencyInjectionTestExecutionListener@739fdcb2, org.springframework.test.context.support.DirtiesContextTestExecutionListener@360c69d, org.springframework.test.context.transaction.TransactionalTestExecutionListener@11780ef8, org.springframework.test.context.jdbc.SqlScriptsTestExecutionListener@3fe9cf34, org.springframework.test.context.event.EventPublishingTestExecutionListener@329eee37, org.springframework.boot.test.autoconfigure.restdocs.RestDocsTestExecutionListener@374f82d7, org.springframework.boot.test.autoconfigure.web.client.MockRestServiceServerResetTestExecutionListener@66114508, org.springframework.boot.test.autoconfigure.web.servlet.MockMvcPrintOnlyOnFailureTestExecutionListener@1770b691, org.springframework.boot.test.autoconfigure.web.servlet.WebDriverTestExecutionListener@52da1d1e, org.springframework.boot.test.mock.mockito.ResetMocksTestExecutionListener@19c864a8]
14:02:54.602 [Test worker] DEBUG org.springframework.test.context.support.AbstractDirtiesContextTestExecutionListener - Before test class: context [DefaultTestContext@54beb39e testClass = MyshopApplicationTests, testInstance = [null], testMethod = [null], testException = [null], mergedContextConfiguration = [WebMergedContextConfiguration@6126227 testClass = MyshopApplicationTests, locations = '{}', classes = '{class com.example.myshop.MyshopApplication}', contextInitializerClasses = '[]', activeProfiles = '{}', propertySourceLocations = '{}', propertySourceProperties = '{org.springframework.boot.test.context.SpringBootTestContextBootstrapper=true}', contextCustomizers = set[org.springframework.boot.test.autoconfigure.properties.PropertyMappingContextCustomizer@0, org.springframework.boot.test.autoconfigure.web.servlet.WebDriverContextCustomizerFactory$Customizer@1ce8a7b1, org.springframework.boot.test.context.filter.ExcludeFilterContextCustomizer@1caaeb92, org.springframework.boot.test.json.DuplicateJsonObjectContextCustomizerFactory$DuplicateJsonObjectContextCustomizer@29a4096d, org.springframework.boot.test.mock.mockito.MockitoContextCustomizer@0, org.springframework.boot.test.web.client.TestRestTemplateContextCustomizer@476c6dc0], resourceBasePath = 'src/main/webapp', contextLoader = 'org.springframework.boot.test.context.SpringBootContextLoader', parent = [null]], attributes = map['org.springframework.test.context.web.ServletTestExecutionListener.activateListener' -> true]], class annotated with @DirtiesContext [false] with mode [null].
14:02:54.622 [Test worker] DEBUG org.springframework.test.context.support.TestPropertySourceUtils - Adding inlined properties to environment: {spring.jmx.enabled=false, org.springframework.boot.test.context.SpringBootTestContextBootstrapper=true, server.port=-1}

  .   ____          _            __ _ _
 /\\ / ___'_ __ _ _(_)_ __  __ _ \ \ \ \
( ( )\___ | '_ | '_| | '_ \/ _` | \ \ \ \
 \\/  ___)| |_)| | | | | || (_| |  ) ) ) )
  '  |____| .__|_| |_|_| |_\__, | / / / /
 =========|_|==============|___/=/_/_/_/
 :: Spring Boot ::        (v2.2.5.RELEASE)

2020-03-10 14:02:54.919  INFO 7230 --- [    Test worker] c.example.myshop.MyshopApplicationTests  : Starting MyshopApplicationTests on ni-57387-9p with PID 7230 (started by gucosta in /home/gucosta/Projects/myshop)
2020-03-10 14:02:54.920 DEBUG 7230 --- [    Test worker] c.example.myshop.MyshopApplicationTests  : Running with Spring Boot v2.2.5.RELEASE, Spring v5.2.4.RELEASE
2020-03-10 14:02:54.920  INFO 7230 --- [    Test worker] c.example.myshop.MyshopApplicationTests  : No active profile set, falling back to default profiles: default
2020-03-10 14:02:55.535  INFO 7230 --- [    Test worker] .s.d.r.c.RepositoryConfigurationDelegate : Bootstrapping Spring Data JPA repositories in DEFAULT mode.
2020-03-10 14:02:55.554  INFO 7230 --- [    Test worker] .s.d.r.c.RepositoryConfigurationDelegate : Finished Spring Data repository scanning in 11ms. Found 0 JPA repository interfaces.
2020-03-10 14:02:56.011  INFO 7230 --- [    Test worker] com.zaxxer.hikari.HikariDataSource       : HikariPool-1 - Starting...
2020-03-10 14:02:56.164  INFO 7230 --- [    Test worker] com.zaxxer.hikari.HikariDataSource       : HikariPool-1 - Start completed.
2020-03-10 14:02:56.216  INFO 7230 --- [    Test worker] o.hibernate.jpa.internal.util.LogHelper  : HHH000204: Processing PersistenceUnitInfo [name: default]
2020-03-10 14:02:56.286  INFO 7230 --- [    Test worker] org.hibernate.Version                    : HHH000412: Hibernate ORM core version 5.4.12.Final
2020-03-10 14:02:56.426  INFO 7230 --- [    Test worker] o.hibernate.annotations.common.Version   : HCANN000001: Hibernate Commons Annotations {5.1.0.Final}
2020-03-10 14:02:56.541  INFO 7230 --- [    Test worker] org.hibernate.dialect.Dialect            : HHH000400: Using dialect: org.hibernate.dialect.H2Dialect
2020-03-10 14:02:56.754  INFO 7230 --- [    Test worker] o.h.e.t.j.p.i.JtaPlatformInitiator       : HHH000490: Using JtaPlatform implementation: [org.hibernate.engine.transaction.jta.platform.internal.NoJtaPlatform]
2020-03-10 14:02:56.760  INFO 7230 --- [    Test worker] j.LocalContainerEntityManagerFactoryBean : Initialized JPA EntityManagerFactory for persistence unit 'default'
2020-03-10 14:02:57.283  WARN 7230 --- [    Test worker] JpaBaseConfiguration$JpaWebConfiguration : spring.jpa.open-in-view is enabled by default. Therefore, database queries may be performed during view rendering. Explicitly configure spring.jpa.open-in-view to disable this warning
2020-03-10 14:02:57.451  INFO 7230 --- [    Test worker] o.s.s.concurrent.ThreadPoolTaskExecutor  : Initializing ExecutorService 'applicationTaskExecutor'
2020-03-10 14:02:57.679  INFO 7230 --- [    Test worker] c.example.myshop.MyshopApplicationTests  : Started MyshopApplicationTests in 3.049 seconds (JVM running for 3.979)
]]></system-out>
  <system-err><![CDATA[]]></system-err>
</testsuite>
